SF:lib/domain/entities/top_albums_entity.dart
DA:8,1
DA:10,0
DA:11,0
DA:19,1
DA:21,0
DA:22,0
LF:6
LH:2
end_of_record
SF:lib/presentation/bloc/album_bloc.dart
DA:16,0
DA:17,0
DA:18,0
DA:19,0
DA:20,0
DA:21,0
DA:22,0
DA:23,0
DA:24,0
DA:27,0
DA:28,0
LF:11
LH:0
end_of_record
SF:lib/presentation/bloc/album_state.dart
DA:4,1
DA:8,0
DA:9,0
DA:13,0
DA:14,0
DA:20,1
DA:21,0
DA:22,0
DA:28,0
DA:29,0
DA:30,0
LF:11
LH:2
end_of_record
SF:lib/presentation/bloc/album_event.dart
DA:4,1
DA:5,0
DA:6,0
DA:12,1
DA:14,0
DA:15,0
LF:6
LH:2
end_of_record
SF:lib/presentation/pages/home_page.dart
DA:8,1
DA:10,1
DA:11,1
DA:21,1
DA:23,1
DA:32,4
DA:33,1
DA:34,2
DA:35,0
DA:36,0
DA:37,0
DA:38,0
DA:44,0
DA:46,0
DA:47,0
DA:50,1
DA:52,1
DA:53,0
DA:54,0
DA:55,0
DA:56,0
DA:57,0
DA:60,1
DA:61,1
DA:62,1
DA:65,1
DA:66,1
DA:70,0
DA:71,0
DA:72,0
DA:73,0
DA:74,0
DA:75,0
DA:76,0
DA:77,0
DA:80,0
DA:85,0
DA:86,0
DA:92,0
LF:39
LH:15
end_of_record
SF:lib/core/error/failures.dart
DA:5,0
DA:6,0
DA:13,0
DA:15,0
DA:16,0
DA:22,0
DA:24,0
DA:25,0
DA:31,0
DA:33,0
DA:34,0
DA:37,0
DA:38,0
DA:39,0
DA:41,0
DA:43,0
DA:45,0
DA:47,0
DA:49,0
LF:19
LH:0
end_of_record
SF:lib/core/usecases/usecase.dart
DA:10,0
DA:11,0
LF:2
LH:0
end_of_record
SF:lib/domain/usecase/get_top_albums_usecase.dart
DA:9,0
DA:11,0
DA:13,0
LF:3
LH:0
end_of_record
SF:lib/presentation/pages/widgets/album_items.dart
DA:7,0
DA:9,0
DA:11,0
DA:13,0
DA:14,0
DA:16,0
DA:17,0
DA:20,0
DA:22,0
DA:23,0
DA:24,0
DA:26,0
LF:12
LH:0
end_of_record
